<?xml version="1.0" encoding="UTF-8"?>
<testng-results skipped="0" failed="1" ignored="0" total="1" passed="0">
  <reporter-output>
  </reporter-output>
  <suite name="Default suite" duration-ms="76088" started-at="2020-08-06T11:05:59Z" finished-at="2020-08-06T11:07:15Z">
    <groups>
    </groups>
    <test name="Default test" duration-ms="76088" started-at="2020-08-06T11:05:59Z" finished-at="2020-08-06T11:07:15Z">
      <class name="com.orangehrm.tests.DeleteEmployeeTest">
        <test-method status="PASS" signature="intialize()[pri:0, instance:com.orangehrm.tests.DeleteEmployeeTest@6ba0ac]" name="intialize" is-config="true" duration-ms="9500" started-at="2020-08-06T11:05:49Z" finished-at="2020-08-06T11:05:59Z">
          <reporter-output>
          </reporter-output>
        </test-method> <!-- intialize -->
        <test-method status="PASS" signature="openBrowser(java.lang.reflect.Method)[pri:0, instance:com.orangehrm.tests.DeleteEmployeeTest@6ba0ac]" name="openBrowser" is-config="true" duration-ms="32704" started-at="2020-08-06T11:05:59Z" finished-at="2020-08-06T11:06:32Z">
          <params>
            <param index="0">
              <value>
                <![CDATA[public void com.orangehrm.tests.DeleteEmployeeTest.deleteEmployee()]]>
              </value>
            </param>
          </params>
          <reporter-output>
          </reporter-output>
        </test-method> <!-- openBrowser -->
        <test-method status="PASS" signature="openApplication()[pri:0, instance:com.orangehrm.tests.DeleteEmployeeTest@6ba0ac]" name="openApplication" is-config="true" duration-ms="8716" started-at="2020-08-06T11:06:32Z" depends-on-methods="com.orangehrm.tests.BaseTest.openBrowser" finished-at="2020-08-06T11:06:40Z">
          <reporter-output>
          </reporter-output>
        </test-method> <!-- openApplication -->
        <test-method status="FAIL" signature="deleteEmployee()[pri:0, instance:com.orangehrm.tests.DeleteEmployeeTest@6ba0ac]" name="deleteEmployee" duration-ms="34396" started-at="2020-08-06T11:06:40Z" finished-at="2020-08-06T11:07:15Z">
          <exception class="org.openqa.selenium.JavascriptException">
            <message>
              <![CDATA[javascript error: Invalid or unexpected token
  (Session info: chrome=84.0.4147.105)
Build info: version: '3.141.59', revision: 'e82be7d358', time: '2018-11-14T08:17:03'
System info: host: 'AMULYABEHERA-PC', ip: '192.168.43.242', os.name: 'Windows 7', os.arch: 'x86', os.version: '6.1', java.version: '1.8.0_251'
Driver info: org.openqa.selenium.chrome.ChromeDriver
Capabilities {acceptInsecureCerts: false, browserName: chrome, browserVersion: 84.0.4147.105, chrome: {chromedriverVersion: 83.0.4103.39 (ccbf011cb2d2b..., userDataDir: C:\Users\asd\AppData\Local\...}, goog:chromeOptions: {debuggerAddress: localhost:56110}, javascriptEnabled: true, networkConnectionEnabled: false, pageLoadStrategy: normal, platform: WINDOWS, platformName: WINDOWS, proxy: Proxy(), setWindowRect: true, strictFileInteractability: false, timeouts: {implicit: 0, pageLoad: 300000, script: 30000}, unhandledPromptBehavior: dismiss and notify, webauthn:virtualAuthenticators: true}
Session ID: b21b7ad2265b70ffa82046cb9ac61dd6]]>
            </message>
            <full-stacktrace>
              <![CDATA[org.openqa.selenium.JavascriptException: javascript error: Invalid or unexpected token
  (Session info: chrome=84.0.4147.105)
Build info: version: '3.141.59', revision: 'e82be7d358', time: '2018-11-14T08:17:03'
System info: host: 'AMULYABEHERA-PC', ip: '192.168.43.242', os.name: 'Windows 7', os.arch: 'x86', os.version: '6.1', java.version: '1.8.0_251'
Driver info: org.openqa.selenium.chrome.ChromeDriver
Capabilities {acceptInsecureCerts: false, browserName: chrome, browserVersion: 84.0.4147.105, chrome: {chromedriverVersion: 83.0.4103.39 (ccbf011cb2d2b..., userDataDir: C:\Users\asd\AppData\Local\...}, goog:chromeOptions: {debuggerAddress: localhost:56110}, javascriptEnabled: true, networkConnectionEnabled: false, pageLoadStrategy: normal, platform: WINDOWS, platformName: WINDOWS, proxy: Proxy(), setWindowRect: true, strictFileInteractability: false, timeouts: {implicit: 0, pageLoad: 300000, script: 30000}, unhandledPromptBehavior: dismiss and notify, webauthn:virtualAuthenticators: true}
Session ID: b21b7ad2265b70ffa82046cb9ac61dd6
at sun.reflect.NativeConstructorAccessorImpl.newInstance0(Native Method)
at sun.reflect.NativeConstructorAccessorImpl.newInstance(Unknown Source)
at sun.reflect.DelegatingConstructorAccessorImpl.newInstance(Unknown Source)
at java.lang.reflect.Constructor.newInstance(Unknown Source)
at org.openqa.selenium.remote.http.W3CHttpResponseCodec.createException(W3CHttpResponseCodec.java:187)
at org.openqa.selenium.remote.http.W3CHttpResponseCodec.decode(W3CHttpResponseCodec.java:122)
at org.openqa.selenium.remote.http.W3CHttpResponseCodec.decode(W3CHttpResponseCodec.java:49)
at org.openqa.selenium.remote.HttpCommandExecutor.execute(HttpCommandExecutor.java:158)
at org.openqa.selenium.remote.service.DriverCommandExecutor.execute(DriverCommandExecutor.java:83)
at org.openqa.selenium.remote.RemoteWebDriver.execute(RemoteWebDriver.java:552)
at org.openqa.selenium.remote.RemoteWebDriver.executeScript(RemoteWebDriver.java:489)
at com.orangehrm.pages.DeleteEmployee.search(DeleteEmployee.java:58)
at com.orangehrm.tests.DeleteEmployeeTest.deleteEmployee(DeleteEmployeeTest.java:25)
at sun.reflect.NativeMethodAccessorImpl.invoke0(Native Method)
at sun.reflect.NativeMethodAccessorImpl.invoke(Unknown Source)
at sun.reflect.DelegatingMethodAccessorImpl.invoke(Unknown Source)
at java.lang.reflect.Method.invoke(Unknown Source)
at org.testng.internal.MethodInvocationHelper.invokeMethod(MethodInvocationHelper.java:124)
at org.testng.internal.Invoker.invokeMethod(Invoker.java:583)
at org.testng.internal.Invoker.invokeTestMethod(Invoker.java:719)
at org.testng.internal.Invoker.invokeTestMethods(Invoker.java:989)
at org.testng.internal.TestMethodWorker.invokeTestMethods(TestMethodWorker.java:125)
at org.testng.internal.TestMethodWorker.run(TestMethodWorker.java:109)
at org.testng.TestRunner.privateRun(TestRunner.java:648)
at org.testng.TestRunner.run(TestRunner.java:505)
at org.testng.SuiteRunner.runTest(SuiteRunner.java:455)
at org.testng.SuiteRunner.runSequentially(SuiteRunner.java:450)
at org.testng.SuiteRunner.privateRun(SuiteRunner.java:415)
at org.testng.SuiteRunner.run(SuiteRunner.java:364)
at org.testng.SuiteRunnerWorker.runSuite(SuiteRunnerWorker.java:52)
at org.testng.SuiteRunnerWorker.run(SuiteRunnerWorker.java:84)
at org.testng.TestNG.runSuitesSequentially(TestNG.java:1208)
at org.testng.TestNG.runSuitesLocally(TestNG.java:1137)
at org.testng.TestNG.runSuites(TestNG.java:1049)
at org.testng.TestNG.run(TestNG.java:1017)
at org.testng.remote.AbstractRemoteTestNG.run(AbstractRemoteTestNG.java:114)
at org.testng.remote.RemoteTestNG.initAndRun(RemoteTestNG.java:251)
at org.testng.remote.RemoteTestNG.main(RemoteTestNG.java:77)
]]>
            </full-stacktrace>
          </exception> <!-- org.openqa.selenium.JavascriptException -->
          <reporter-output>
          </reporter-output>
        </test-method> <!-- deleteEmployee -->
        <test-method status="PASS" signature="tearDown()[pri:0, instance:com.orangehrm.tests.DeleteEmployeeTest@6ba0ac]" name="tearDown" is-config="true" duration-ms="4544" started-at="2020-08-06T11:07:15Z" finished-at="2020-08-06T11:07:20Z">
          <reporter-output>
          </reporter-output>
        </test-method> <!-- tearDown -->
      </class> <!-- com.orangehrm.tests.DeleteEmployeeTest -->
    </test> <!-- Default test -->
  </suite> <!-- Default suite -->
</testng-results>
